{"C:\\Users\\v-lbichanga\\todo-app-testing\\server.js": {"path":"C:\\Users\\v-lbichanga\\todo-app-testing\\server.js","statementMap":{"0":{"start":{"line":1,"column":16},"end":{"line":1,"column":34}},"1":{"start":{"line":2,"column":13},"end":{"line":2,"column":28}},"2":{"start":{"line":3,"column":12},"end":{"line":3,"column":35}},"3":{"start":{"line":4,"column":15},"end":{"line":4,"column":34}},"4":{"start":{"line":6,"column":12},"end":{"line":6,"column":21}},"5":{"start":{"line":7,"column":13},"end":{"line":7,"column":37}},"6":{"start":{"line":8,"column":19},"end":{"line":8,"column":62}},"7":{"start":{"line":11,"column":0},"end":{"line":11,"column":16}},"8":{"start":{"line":12,"column":0},"end":{"line":12,"column":24}},"9":{"start":{"line":15,"column":14},"end":{"line":26,"column":1}},"10":{"start":{"line":28,"column":12},"end":{"line":32,"column":1}},"11":{"start":{"line":34,"column":17},"end":{"line":34,"column":18}},"12":{"start":{"line":37,"column":26},"end":{"line":52,"column":1}},"13":{"start":{"line":38,"column":21},"end":{"line":38,"column":49}},"14":{"start":{"line":39,"column":16},"end":{"line":39,"column":54}},"15":{"start":{"line":41,"column":2},"end":{"line":43,"column":3}},"16":{"start":{"line":42,"column":4},"end":{"line":42,"column":68}},"17":{"start":{"line":45,"column":2},"end":{"line":51,"column":5}},"18":{"start":{"line":46,"column":4},"end":{"line":48,"column":5}},"19":{"start":{"line":47,"column":6},"end":{"line":47,"column":73}},"20":{"start":{"line":49,"column":4},"end":{"line":49,"column":20}},"21":{"start":{"line":50,"column":4},"end":{"line":50,"column":11}},"22":{"start":{"line":56,"column":0},"end":{"line":88,"column":3}},"23":{"start":{"line":57,"column":2},"end":{"line":87,"column":3}},"24":{"start":{"line":58,"column":35},"end":{"line":58,"column":43}},"25":{"start":{"line":60,"column":4},"end":{"line":62,"column":5}},"26":{"start":{"line":61,"column":6},"end":{"line":61,"column":79}},"27":{"start":{"line":64,"column":17},"end":{"line":64,"column":57}},"28":{"start":{"line":64,"column":33},"end":{"line":64,"column":56}},"29":{"start":{"line":65,"column":4},"end":{"line":67,"column":5}},"30":{"start":{"line":66,"column":6},"end":{"line":66,"column":68}},"31":{"start":{"line":69,"column":26},"end":{"line":69,"column":71}},"32":{"start":{"line":70,"column":4},"end":{"line":72,"column":5}},"33":{"start":{"line":71,"column":6},"end":{"line":71,"column":68}},"34":{"start":{"line":74,"column":18},"end":{"line":78,"column":5}},"35":{"start":{"line":80,"column":4},"end":{"line":84,"column":7}},"36":{"start":{"line":86,"column":4},"end":{"line":86,"column":61}},"37":{"start":{"line":91,"column":0},"end":{"line":98,"column":3}},"38":{"start":{"line":92,"column":2},"end":{"line":97,"column":3}},"39":{"start":{"line":93,"column":22},"end":{"line":93,"column":71}},"40":{"start":{"line":93,"column":43},"end":{"line":93,"column":70}},"41":{"start":{"line":94,"column":4},"end":{"line":94,"column":24}},"42":{"start":{"line":96,"column":4},"end":{"line":96,"column":61}},"43":{"start":{"line":101,"column":0},"end":{"line":121,"column":3}},"44":{"start":{"line":102,"column":2},"end":{"line":120,"column":3}},"45":{"start":{"line":103,"column":41},"end":{"line":103,"column":49}},"46":{"start":{"line":105,"column":4},"end":{"line":107,"column":5}},"47":{"start":{"line":106,"column":6},"end":{"line":106,"column":66}},"48":{"start":{"line":109,"column":20},"end":{"line":114,"column":5}},"49":{"start":{"line":116,"column":4},"end":{"line":116,"column":24}},"50":{"start":{"line":117,"column":4},"end":{"line":117,"column":34}},"51":{"start":{"line":119,"column":4},"end":{"line":119,"column":61}},"52":{"start":{"line":124,"column":0},"end":{"line":152,"column":3}},"53":{"start":{"line":125,"column":2},"end":{"line":151,"column":3}},"54":{"start":{"line":126,"column":15},"end":{"line":126,"column":38}},"55":{"start":{"line":127,"column":33},"end":{"line":127,"column":41}},"56":{"start":{"line":129,"column":22},"end":{"line":131,"column":5}},"57":{"start":{"line":130,"column":6},"end":{"line":130,"column":51}},"58":{"start":{"line":133,"column":4},"end":{"line":135,"column":5}},"59":{"start":{"line":134,"column":6},"end":{"line":134,"column":63}},"60":{"start":{"line":137,"column":4},"end":{"line":142,"column":5}},"61":{"start":{"line":138,"column":6},"end":{"line":140,"column":7}},"62":{"start":{"line":139,"column":8},"end":{"line":139,"column":72}},"63":{"start":{"line":141,"column":6},"end":{"line":141,"column":44}},"64":{"start":{"line":144,"column":4},"end":{"line":146,"column":5}},"65":{"start":{"line":145,"column":6},"end":{"line":145,"column":54}},"66":{"start":{"line":148,"column":4},"end":{"line":148,"column":31}},"67":{"start":{"line":150,"column":4},"end":{"line":150,"column":61}},"68":{"start":{"line":155,"column":0},"end":{"line":171,"column":3}},"69":{"start":{"line":156,"column":2},"end":{"line":170,"column":3}},"70":{"start":{"line":157,"column":15},"end":{"line":157,"column":38}},"71":{"start":{"line":158,"column":22},"end":{"line":160,"column":5}},"72":{"start":{"line":159,"column":6},"end":{"line":159,"column":51}},"73":{"start":{"line":162,"column":4},"end":{"line":164,"column":5}},"74":{"start":{"line":163,"column":6},"end":{"line":163,"column":63}},"75":{"start":{"line":166,"column":24},"end":{"line":166,"column":53}},"76":{"start":{"line":167,"column":4},"end":{"line":167,"column":74}},"77":{"start":{"line":169,"column":4},"end":{"line":169,"column":61}},"78":{"start":{"line":174,"column":0},"end":{"line":176,"column":3}},"79":{"start":{"line":175,"column":2},"end":{"line":175,"column":66}},"80":{"start":{"line":179,"column":0},"end":{"line":182,"column":3}},"81":{"start":{"line":180,"column":2},"end":{"line":180,"column":27}},"82":{"start":{"line":181,"column":2},"end":{"line":181,"column":59}},"83":{"start":{"line":185,"column":0},"end":{"line":187,"column":3}},"84":{"start":{"line":186,"column":2},"end":{"line":186,"column":53}},"85":{"start":{"line":189,"column":0},"end":{"line":193,"column":1}},"86":{"start":{"line":190,"column":2},"end":{"line":192,"column":5}},"87":{"start":{"line":191,"column":4},"end":{"line":191,"column":50}},"88":{"start":{"line":195,"column":0},"end":{"line":195,"column":21}}},"fnMap":{"0":{"name":"(anonymous_0)","decl":{"start":{"line":37,"column":26},"end":{"line":37,"column":27}},"loc":{"start":{"line":37,"column":46},"end":{"line":52,"column":1}},"line":37},"1":{"name":"(anonymous_1)","decl":{"start":{"line":45,"column":32},"end":{"line":45,"column":33}},"loc":{"start":{"line":45,"column":47},"end":{"line":51,"column":3}},"line":45},"2":{"name":"(anonymous_2)","decl":{"start":{"line":56,"column":23},"end":{"line":56,"column":24}},"loc":{"start":{"line":56,"column":43},"end":{"line":88,"column":1}},"line":56},"3":{"name":"(anonymous_3)","decl":{"start":{"line":64,"column":28},"end":{"line":64,"column":29}},"loc":{"start":{"line":64,"column":33},"end":{"line":64,"column":56}},"line":64},"4":{"name":"(anonymous_4)","decl":{"start":{"line":91,"column":41},"end":{"line":91,"column":42}},"loc":{"start":{"line":91,"column":55},"end":{"line":98,"column":1}},"line":91},"5":{"name":"(anonymous_5)","decl":{"start":{"line":93,"column":35},"end":{"line":93,"column":36}},"loc":{"start":{"line":93,"column":43},"end":{"line":93,"column":70}},"line":93},"6":{"name":"(anonymous_6)","decl":{"start":{"line":101,"column":42},"end":{"line":101,"column":43}},"loc":{"start":{"line":101,"column":56},"end":{"line":121,"column":1}},"line":101},"7":{"name":"(anonymous_7)","decl":{"start":{"line":124,"column":45},"end":{"line":124,"column":46}},"loc":{"start":{"line":124,"column":59},"end":{"line":152,"column":1}},"line":124},"8":{"name":"(anonymous_8)","decl":{"start":{"line":129,"column":38},"end":{"line":129,"column":39}},"loc":{"start":{"line":130,"column":6},"end":{"line":130,"column":51}},"line":130},"9":{"name":"(anonymous_9)","decl":{"start":{"line":155,"column":48},"end":{"line":155,"column":49}},"loc":{"start":{"line":155,"column":62},"end":{"line":171,"column":1}},"line":155},"10":{"name":"(anonymous_10)","decl":{"start":{"line":158,"column":38},"end":{"line":158,"column":39}},"loc":{"start":{"line":159,"column":6},"end":{"line":159,"column":51}},"line":159},"11":{"name":"(anonymous_11)","decl":{"start":{"line":174,"column":23},"end":{"line":174,"column":24}},"loc":{"start":{"line":174,"column":37},"end":{"line":176,"column":1}},"line":174},"12":{"name":"(anonymous_12)","decl":{"start":{"line":179,"column":8},"end":{"line":179,"column":9}},"loc":{"start":{"line":179,"column":33},"end":{"line":182,"column":1}},"line":179},"13":{"name":"(anonymous_13)","decl":{"start":{"line":185,"column":13},"end":{"line":185,"column":14}},"loc":{"start":{"line":185,"column":27},"end":{"line":187,"column":1}},"line":185},"14":{"name":"(anonymous_14)","decl":{"start":{"line":190,"column":19},"end":{"line":190,"column":20}},"loc":{"start":{"line":190,"column":25},"end":{"line":192,"column":3}},"line":190}},"branchMap":{"0":{"loc":{"start":{"line":7,"column":13},"end":{"line":7,"column":37}},"type":"binary-expr","locations":[{"start":{"line":7,"column":13},"end":{"line":7,"column":29}},{"start":{"line":7,"column":33},"end":{"line":7,"column":37}}],"line":7},"1":{"loc":{"start":{"line":8,"column":19},"end":{"line":8,"column":62}},"type":"binary-expr","locations":[{"start":{"line":8,"column":19},"end":{"line":8,"column":41}},{"start":{"line":8,"column":45},"end":{"line":8,"column":62}}],"line":8},"2":{"loc":{"start":{"line":39,"column":16},"end":{"line":39,"column":54}},"type":"binary-expr","locations":[{"start":{"line":39,"column":16},"end":{"line":39,"column":26}},{"start":{"line":39,"column":30},"end":{"line":39,"column":54}}],"line":39},"3":{"loc":{"start":{"line":41,"column":2},"end":{"line":43,"column":3}},"type":"if","locations":[{"start":{"line":41,"column":2},"end":{"line":43,"column":3}},{"start":{},"end":{}}],"line":41},"4":{"loc":{"start":{"line":46,"column":4},"end":{"line":48,"column":5}},"type":"if","locations":[{"start":{"line":46,"column":4},"end":{"line":48,"column":5}},{"start":{},"end":{}}],"line":46},"5":{"loc":{"start":{"line":60,"column":4},"end":{"line":62,"column":5}},"type":"if","locations":[{"start":{"line":60,"column":4},"end":{"line":62,"column":5}},{"start":{},"end":{}}],"line":60},"6":{"loc":{"start":{"line":60,"column":8},"end":{"line":60,"column":30}},"type":"binary-expr","locations":[{"start":{"line":60,"column":8},"end":{"line":60,"column":17}},{"start":{"line":60,"column":21},"end":{"line":60,"column":30}}],"line":60},"7":{"loc":{"start":{"line":65,"column":4},"end":{"line":67,"column":5}},"type":"if","locations":[{"start":{"line":65,"column":4},"end":{"line":67,"column":5}},{"start":{},"end":{}}],"line":65},"8":{"loc":{"start":{"line":70,"column":4},"end":{"line":72,"column":5}},"type":"if","locations":[{"start":{"line":70,"column":4},"end":{"line":72,"column":5}},{"start":{},"end":{}}],"line":70},"9":{"loc":{"start":{"line":103,"column":19},"end":{"line":103,"column":36}},"type":"default-arg","locations":[{"start":{"line":103,"column":31},"end":{"line":103,"column":36}}],"line":103},"10":{"loc":{"start":{"line":105,"column":4},"end":{"line":107,"column":5}},"type":"if","locations":[{"start":{"line":105,"column":4},"end":{"line":107,"column":5}},{"start":{},"end":{}}],"line":105},"11":{"loc":{"start":{"line":105,"column":8},"end":{"line":105,"column":37}},"type":"binary-expr","locations":[{"start":{"line":105,"column":8},"end":{"line":105,"column":14}},{"start":{"line":105,"column":18},"end":{"line":105,"column":37}}],"line":105},"12":{"loc":{"start":{"line":130,"column":6},"end":{"line":130,"column":51}},"type":"binary-expr","locations":[{"start":{"line":130,"column":6},"end":{"line":130,"column":20}},{"start":{"line":130,"column":24},"end":{"line":130,"column":51}}],"line":130},"13":{"loc":{"start":{"line":133,"column":4},"end":{"line":135,"column":5}},"type":"if","locations":[{"start":{"line":133,"column":4},"end":{"line":135,"column":5}},{"start":{},"end":{}}],"line":133},"14":{"loc":{"start":{"line":137,"column":4},"end":{"line":142,"column":5}},"type":"if","locations":[{"start":{"line":137,"column":4},"end":{"line":142,"column":5}},{"start":{},"end":{}}],"line":137},"15":{"loc":{"start":{"line":138,"column":6},"end":{"line":140,"column":7}},"type":"if","locations":[{"start":{"line":138,"column":6},"end":{"line":140,"column":7}},{"start":{},"end":{}}],"line":138},"16":{"loc":{"start":{"line":144,"column":4},"end":{"line":146,"column":5}},"type":"if","locations":[{"start":{"line":144,"column":4},"end":{"line":146,"column":5}},{"start":{},"end":{}}],"line":144},"17":{"loc":{"start":{"line":159,"column":6},"end":{"line":159,"column":51}},"type":"binary-expr","locations":[{"start":{"line":159,"column":6},"end":{"line":159,"column":20}},{"start":{"line":159,"column":24},"end":{"line":159,"column":51}}],"line":159},"18":{"loc":{"start":{"line":162,"column":4},"end":{"line":164,"column":5}},"type":"if","locations":[{"start":{"line":162,"column":4},"end":{"line":164,"column":5}},{"start":{},"end":{}}],"line":162},"19":{"loc":{"start":{"line":189,"column":0},"end":{"line":193,"column":1}},"type":"if","locations":[{"start":{"line":189,"column":0},"end":{"line":193,"column":1}},{"start":{},"end":{}}],"line":189}},"s":{"0":1,"1":1,"2":1,"3":1,"4":1,"5":1,"6":1,"7":1,"8":1,"9":1,"10":1,"11":1,"12":1,"13":31,"14":31,"15":31,"16":5,"17":26,"18":26,"19":1,"20":25,"21":25,"22":1,"23":9,"24":9,"25":9,"26":3,"27":6,"28":9,"29":6,"30":1,"31":5,"32":5,"33":1,"34":4,"35":4,"36":0,"37":1,"38":3,"39":3,"40":20,"41":3,"42":0,"43":1,"44":11,"45":11,"46":11,"47":3,"48":8,"49":8,"50":8,"51":0,"52":1,"53":8,"54":8,"55":8,"56":8,"57":56,"58":8,"59":2,"60":6,"61":5,"62":2,"63":3,"64":4,"65":2,"66":4,"67":0,"68":1,"69":3,"70":3,"71":3,"72":26,"73":3,"74":2,"75":1,"76":1,"77":0,"78":1,"79":1,"80":1,"81":0,"82":0,"83":1,"84":1,"85":1,"86":0,"87":0,"88":1},"f":{"0":31,"1":26,"2":9,"3":9,"4":3,"5":20,"6":11,"7":8,"8":56,"9":3,"10":26,"11":1,"12":0,"13":1,"14":0},"b":{"0":[1,1],"1":[1,1],"2":[31,27],"3":[5,26],"4":[1,25],"5":[3,6],"6":[9,7],"7":[1,5],"8":[1,4],"9":[7],"10":[3,8],"11":[11,9],"12":[56,7],"13":[2,6],"14":[5,1],"15":[2,3],"16":[2,2],"17":[26,2],"18":[2,1],"19":[0,1]},"_coverageSchema":"1a1c01bbd47fc00a2c39e90264f33305004495a9","hash":"874294a2ac520e467ee62d56aafac850c8a174d8"}
}
