TN:
SF:server.js
FN:37,(anonymous_0)
FN:45,(anonymous_1)
FN:56,(anonymous_2)
FN:64,(anonymous_3)
FN:91,(anonymous_4)
FN:93,(anonymous_5)
FN:101,(anonymous_6)
FN:124,(anonymous_7)
FN:129,(anonymous_8)
FN:155,(anonymous_9)
FN:158,(anonymous_10)
FN:174,(anonymous_11)
FN:179,(anonymous_12)
FN:185,(anonymous_13)
FN:190,(anonymous_14)
FNF:15
FNH:13
FNDA:31,(anonymous_0)
FNDA:26,(anonymous_1)
FNDA:9,(anonymous_2)
FNDA:9,(anonymous_3)
FNDA:3,(anonymous_4)
FNDA:20,(anonymous_5)
FNDA:11,(anonymous_6)
FNDA:8,(anonymous_7)
FNDA:56,(anonymous_8)
FNDA:3,(anonymous_9)
FNDA:26,(anonymous_10)
FNDA:1,(anonymous_11)
FNDA:0,(anonymous_12)
FNDA:1,(anonymous_13)
FNDA:0,(anonymous_14)
DA:1,1
DA:2,1
DA:3,1
DA:4,1
DA:6,1
DA:7,1
DA:8,1
DA:11,1
DA:12,1
DA:15,1
DA:28,1
DA:34,1
DA:37,1
DA:38,31
DA:39,31
DA:41,31
DA:42,5
DA:45,26
DA:46,26
DA:47,1
DA:49,25
DA:50,25
DA:56,1
DA:57,9
DA:58,9
DA:60,9
DA:61,3
DA:64,9
DA:65,6
DA:66,1
DA:69,5
DA:70,5
DA:71,1
DA:74,4
DA:80,4
DA:86,0
DA:91,1
DA:92,3
DA:93,20
DA:94,3
DA:96,0
DA:101,1
DA:102,11
DA:103,11
DA:105,11
DA:106,3
DA:109,8
DA:116,8
DA:117,8
DA:119,0
DA:124,1
DA:125,8
DA:126,8
DA:127,8
DA:129,8
DA:130,56
DA:133,8
DA:134,2
DA:137,6
DA:138,5
DA:139,2
DA:141,3
DA:144,4
DA:145,2
DA:148,4
DA:150,0
DA:155,1
DA:156,3
DA:157,3
DA:158,3
DA:159,26
DA:162,3
DA:163,2
DA:166,1
DA:167,1
DA:169,0
DA:174,1
DA:175,1
DA:179,1
DA:180,0
DA:181,0
DA:185,1
DA:186,1
DA:189,1
DA:190,0
DA:191,0
DA:195,1
LF:87
LH:78
BRDA:7,0,0,1
BRDA:7,0,1,1
BRDA:8,1,0,1
BRDA:8,1,1,1
BRDA:39,2,0,31
BRDA:39,2,1,27
BRDA:41,3,0,5
BRDA:41,3,1,26
BRDA:46,4,0,1
BRDA:46,4,1,25
BRDA:60,5,0,3
BRDA:60,5,1,6
BRDA:60,6,0,9
BRDA:60,6,1,7
BRDA:65,7,0,1
BRDA:65,7,1,5
BRDA:70,8,0,1
BRDA:70,8,1,4
BRDA:103,9,0,7
BRDA:105,10,0,3
BRDA:105,10,1,8
BRDA:105,11,0,11
BRDA:105,11,1,9
BRDA:130,12,0,56
BRDA:130,12,1,7
BRDA:133,13,0,2
BRDA:133,13,1,6
BRDA:137,14,0,5
BRDA:137,14,1,1
BRDA:138,15,0,2
BRDA:138,15,1,3
BRDA:144,16,0,2
BRDA:144,16,1,2
BRDA:159,17,0,26
BRDA:159,17,1,2
BRDA:162,18,0,2
BRDA:162,18,1,1
BRDA:189,19,0,0
BRDA:189,19,1,1
BRF:39
BRH:38
end_of_record
